<?xml version="1.0" encoding="UTF-8"?>
<testng-results ignored="0" total="2" passed="2" failed="0" skipped="0">
  <reporter-output>
  </reporter-output>
  <suite started-at="2021-02-28T13:30:23 IST" name="Test Suite" finished-at="2021-02-28T13:33:28 IST" duration-ms="184541">
    <groups>
    </groups>
    <test started-at="2021-02-28T13:30:23 IST" name="ChromeTest" finished-at="2021-02-28T13:32:27 IST" duration-ms="123854">
      <class name="cross_browser.cross_browser">
        <test-method is-config="true" signature="launch(java.lang.String)[pri:0, instance:cross_browser.cross_browser@6a03bcb1]" started-at="2021-02-28T13:30:23 IST" name="launch" finished-at="2021-02-28T13:32:14 IST" duration-ms="110729" status="PASS">
          <params>
            <param index="0">
              <value>
                <![CDATA[Chrome]]>
              </value>
            </param>
          </params>
          <reporter-output>
          </reporter-output>
        </test-method> <!-- launch -->
        <test-method signature="login()[pri:0, instance:cross_browser.cross_browser@6a03bcb1]" started-at="2021-02-28T13:32:15 IST" name="login" finished-at="2021-02-28T13:32:22 IST" duration-ms="7333" status="PASS">
          <reporter-output>
          </reporter-output>
        </test-method> <!-- login -->
        <test-method is-config="true" signature="terminate()[pri:0, instance:cross_browser.cross_browser@6a03bcb1]" started-at="2021-02-28T13:32:22 IST" name="terminate" finished-at="2021-02-28T13:32:27 IST" duration-ms="5033" status="PASS">
          <reporter-output>
          </reporter-output>
        </test-method> <!-- terminate -->
      </class> <!-- cross_browser.cross_browser -->
    </test> <!-- ChromeTest -->
    <test started-at="2021-02-28T13:32:27 IST" name="FireFoxTest" finished-at="2021-02-28T13:33:28 IST" duration-ms="60167">
      <class name="cross_browser.cross_browser">
        <test-method is-config="true" signature="launch(java.lang.String)[pri:0, instance:cross_browser.cross_browser@5f16132a]" started-at="2021-02-28T13:32:27 IST" name="launch" finished-at="2021-02-28T13:33:09 IST" duration-ms="41710" status="PASS">
          <params>
            <param index="0">
              <value>
                <![CDATA[FireFox]]>
              </value>
            </param>
          </params>
          <reporter-output>
          </reporter-output>
        </test-method> <!-- launch -->
        <test-method signature="login()[pri:0, instance:cross_browser.cross_browser@5f16132a]" started-at="2021-02-28T13:33:09 IST" name="login" finished-at="2021-02-28T13:33:15 IST" duration-ms="5523" status="PASS">
          <reporter-output>
          </reporter-output>
        </test-method> <!-- login -->
        <test-method is-config="true" signature="terminate()[pri:0, instance:cross_browser.cross_browser@5f16132a]" started-at="2021-02-28T13:33:15 IST" name="terminate" finished-at="2021-02-28T13:33:28 IST" duration-ms="12928" status="PASS">
          <reporter-output>
          </reporter-output>
        </test-method> <!-- terminate -->
      </class> <!-- cross_browser.cross_browser -->
    </test> <!-- FireFoxTest -->
  </suite> <!-- Test Suite -->
</testng-results>
