<?xml version="1.0" encoding="UTF-8"?>
<testng-results ignored="0" total="2" passed="2" failed="0" skipped="0">
  <reporter-output>
  </reporter-output>
  <suite started-at="2021-03-02T22:35:23 IST" name="Test Suite" finished-at="2021-03-02T22:37:17 IST" duration-ms="114244">
    <groups>
    </groups>
    <test started-at="2021-03-02T22:35:23 IST" name="ChromeTest" finished-at="2021-03-02T22:36:51 IST" duration-ms="87959">
      <class name="cross_browser.cross_browser">
        <test-method is-config="true" signature="launch(java.lang.String)[pri:0, instance:cross_browser.cross_browser@6a03bcb1]" started-at="2021-03-02T22:35:23 IST" name="launch" finished-at="2021-03-02T22:36:42 IST" duration-ms="79614" status="PASS">
          <params>
            <param index="0">
              <value>
                <![CDATA[Chrome]]>
              </value>
            </param>
          </params>
          <reporter-output>
          </reporter-output>
        </test-method> <!-- launch -->
        <test-method signature="login()[pri:0, instance:cross_browser.cross_browser@6a03bcb1]" started-at="2021-03-02T22:36:42 IST" name="login" finished-at="2021-03-02T22:36:44 IST" duration-ms="2004" status="PASS">
          <reporter-output>
          </reporter-output>
        </test-method> <!-- login -->
        <test-method is-config="true" signature="terminate()[pri:0, instance:cross_browser.cross_browser@6a03bcb1]" started-at="2021-03-02T22:36:44 IST" name="terminate" finished-at="2021-03-02T22:36:51 IST" duration-ms="6289" status="PASS">
          <reporter-output>
          </reporter-output>
        </test-method> <!-- terminate -->
      </class> <!-- cross_browser.cross_browser -->
    </test> <!-- ChromeTest -->
    <test started-at="2021-03-02T22:36:51 IST" name="FireFoxTest" finished-at="2021-03-02T22:37:17 IST" duration-ms="25815">
      <class name="cross_browser.cross_browser">
        <test-method is-config="true" signature="launch(java.lang.String)[pri:0, instance:cross_browser.cross_browser@5f16132a]" started-at="2021-03-02T22:36:51 IST" name="launch" finished-at="2021-03-02T22:37:10 IST" duration-ms="18965" status="PASS">
          <params>
            <param index="0">
              <value>
                <![CDATA[FireFox]]>
              </value>
            </param>
          </params>
          <reporter-output>
          </reporter-output>
        </test-method> <!-- launch -->
        <test-method signature="login()[pri:0, instance:cross_browser.cross_browser@5f16132a]" started-at="2021-03-02T22:37:10 IST" name="login" finished-at="2021-03-02T22:37:12 IST" duration-ms="1867" status="PASS">
          <reporter-output>
          </reporter-output>
        </test-method> <!-- login -->
        <test-method is-config="true" signature="terminate()[pri:0, instance:cross_browser.cross_browser@5f16132a]" started-at="2021-03-02T22:37:12 IST" name="terminate" finished-at="2021-03-02T22:37:17 IST" duration-ms="4977" status="PASS">
          <reporter-output>
          </reporter-output>
        </test-method> <!-- terminate -->
      </class> <!-- cross_browser.cross_browser -->
    </test> <!-- FireFoxTest -->
  </suite> <!-- Test Suite -->
</testng-results>
