<?xml version="1.0" encoding="UTF-8"?>
<testng-results ignored="0" total="1" passed="1" failed="0" skipped="0">
  <reporter-output>
  </reporter-output>
  <suite started-at="2021-03-01T15:45:49 IST" name="Default suite" finished-at="2021-03-01T15:46:28 IST" duration-ms="39033">
    <groups>
    </groups>
    <test started-at="2021-03-01T15:45:49 IST" name="Default test" finished-at="2021-03-01T15:46:28 IST" duration-ms="39033">
      <class name="hii.amazon">
        <test-method is-config="true" signature="launch()[pri:0, instance:hii.amazon@7a675056]" started-at="2021-03-01T15:45:49 IST" name="launch" finished-at="2021-03-01T15:45:58 IST" duration-ms="8920" status="PASS">
          <reporter-output>
          </reporter-output>
        </test-method> <!-- launch -->
        <test-method signature="amazon_order()[pri:0, instance:hii.amazon@7a675056]" started-at="2021-03-01T15:45:58 IST" name="amazon_order" finished-at="2021-03-01T15:46:19 IST" duration-ms="20662" status="PASS">
          <reporter-output>
          </reporter-output>
        </test-method> <!-- amazon_order -->
        <test-method is-config="true" signature="terminate()[pri:0, instance:hii.amazon@7a675056]" started-at="2021-03-01T15:46:19 IST" name="terminate" finished-at="2021-03-01T15:46:28 IST" duration-ms="9052" status="PASS">
          <reporter-output>
          </reporter-output>
        </test-method> <!-- terminate -->
      </class> <!-- hii.amazon -->
    </test> <!-- Default test -->
  </suite> <!-- Default suite -->
</testng-results>
