<?xml version="1.0" encoding="UTF-8"?>
<testng-results ignored="0" total="1" passed="1" failed="0" skipped="0">
  <reporter-output>
  </reporter-output>
  <suite started-at="2021-03-01T20:21:46 IST" name="Default suite" finished-at="2021-03-01T20:22:03 IST" duration-ms="16568">
    <groups>
    </groups>
    <test started-at="2021-03-01T20:21:46 IST" name="Default test" finished-at="2021-03-01T20:22:03 IST" duration-ms="16568">
      <class name="first.first_class">
        <test-method is-config="true" signature="launch()[pri:0, instance:first.first_class@186f8716]" started-at="2021-03-01T20:21:46 IST" name="launch" finished-at="2021-03-01T20:22:00 IST" duration-ms="13668" status="PASS">
          <reporter-output>
          </reporter-output>
        </test-method> <!-- launch -->
        <test-method signature="login()[pri:0, instance:first.first_class@186f8716]" started-at="2021-03-01T20:22:00 IST" name="login" finished-at="2021-03-01T20:22:02 IST" duration-ms="2758" status="PASS">
          <reporter-output>
          </reporter-output>
        </test-method> <!-- login -->
        <test-method is-config="true" signature="terminate()[pri:0, instance:first.first_class@186f8716]" started-at="2021-03-01T20:22:03 IST" name="terminate" finished-at="2021-03-01T20:22:03 IST" duration-ms="1" status="PASS">
          <reporter-output>
          </reporter-output>
        </test-method> <!-- terminate -->
      </class> <!-- first.first_class -->
    </test> <!-- Default test -->
  </suite> <!-- Default suite -->
</testng-results>
